<?xml version="1.0" encoding="utf-8"?><testsuites name="pytest tests"><testsuite name="pytest" errors="0" failures="0" skipped="0" tests="18" time="4.889" timestamp="2026-06-22T05:59:33.065689+00:00" hostname="agent-env-536e15fb-4883-4a49-a914-6ee10e38b517"><testcase classname="backend.tests.test_driver_checkpoint" name="test_01_root" time="0.553" /><testcase classname="backend.tests.test_driver_checkpoint" name="test_02_init_trip_new" time="0.115" /><testcase classname="backend.tests.test_driver_checkpoint" name="test_03_init_trip_idempotent" time="0.074" /><testcase classname="backend.tests.test_driver_checkpoint" name="test_04_get_trip" time="0.067" /><testcase classname="backend.tests.test_driver_checkpoint" name="test_05_get_trip_404" time="0.054" /><testcase classname="backend.tests.test_driver_checkpoint" name="test_06_set_driver_name" time="0.064" /><testcase classname="backend.tests.test_driver_checkpoint" name="test_07_sop_read" time="0.107" /><testcase classname="backend.tests.test_driver_checkpoint" name="test_08_upload_6_initial_and_auto_cair" time="0.603" /><testcase classname="backend.tests.test_driver_checkpoint" name="test_09_upload_initial_bad_slot" time="0.058" /><testcase classname="backend.tests.test_driver_checkpoint" name="test_10_static_file_served" time="0.173" /><testcase classname="backend.tests.test_driver_checkpoint" name="test_11_daily_upload" time="0.145" /><testcase classname="backend.tests.test_driver_checkpoint" name="test_12_daily_duplicate_same_day_409" time="0.070" /><testcase classname="backend.tests.test_driver_checkpoint" name="test_13_delete_today_daily" time="0.130" /><testcase classname="backend.tests.test_driver_checkpoint" name="test_14_bastk_upload" time="0.469" /><testcase classname="backend.tests.test_driver_checkpoint" name="test_15_resi_upload" time="0.070" /><testcase classname="backend.tests.test_driver_checkpoint" name="test_16_cair_tahap_3_now_ok" time="0.060" /><testcase classname="backend.tests.test_driver_checkpoint" name="test_17_cair_gates_on_fresh_trip" time="0.166" /><testcase classname="backend.tests.test_driver_checkpoint" name="test_18_cleanup" time="0.062" /></testsuite></testsuites>