<?xml version="1.0" encoding="utf-8"?><testsuites name="pytest tests"><testsuite name="pytest" errors="0" failures="0" skipped="0" tests="25" time="6.000" timestamp="2026-06-22T06:33:25.805712+00:00" hostname="agent-env-536e15fb-4883-4a49-a914-6ee10e38b517"><testcase classname="backend.tests.test_driver_checkpoint" name="test_01_root" time="0.473" /><testcase classname="backend.tests.test_driver_checkpoint" name="test_02_init_trip_new" time="0.142" /><testcase classname="backend.tests.test_driver_checkpoint" name="test_03_init_trip_idempotent" time="0.065" /><testcase classname="backend.tests.test_driver_checkpoint" name="test_04_get_trip" time="0.065" /><testcase classname="backend.tests.test_driver_checkpoint" name="test_05_get_trip_404" time="0.061" /><testcase classname="backend.tests.test_driver_checkpoint" name="test_06_set_driver_name" time="0.082" /><testcase classname="backend.tests.test_driver_checkpoint" name="test_07_sop_read" time="0.112" /><testcase classname="backend.tests.test_driver_checkpoint" name="test_08_upload_6_initial_and_auto_cair" time="0.403" /><testcase classname="backend.tests.test_driver_checkpoint" name="test_09_upload_initial_bad_slot" time="0.063" /><testcase classname="backend.tests.test_driver_checkpoint" name="test_10_static_file_served" time="0.369" /><testcase classname="backend.tests.test_driver_checkpoint" name="test_11_daily_upload" time="0.140" /><testcase classname="backend.tests.test_driver_checkpoint" name="test_12_daily_duplicate_same_day_409" time="0.058" /><testcase classname="backend.tests.test_driver_checkpoint" name="test_13_delete_today_daily" time="0.121" /><testcase classname="backend.tests.test_driver_checkpoint" name="test_14_bastk_upload" time="0.568" /><testcase classname="backend.tests.test_driver_checkpoint" name="test_15_resi_upload" time="0.078" /><testcase classname="backend.tests.test_driver_checkpoint" name="test_16_cair_tahap_3_now_ok" time="0.097" /><testcase classname="backend.tests.test_driver_checkpoint" name="test_17_cair_gates_on_fresh_trip" time="0.182" /><testcase classname="backend.tests.test_driver_checkpoint" name="test_18_cleanup" time="0.058" /><testcase classname="backend.tests.test_driver_checkpoint" name="test_19_init_trip_with_tipe_rangka_legs" time="0.119" /><testcase classname="backend.tests.test_driver_checkpoint" name="test_20_xendit_disburse_mocked" time="0.124" /><testcase classname="backend.tests.test_driver_checkpoint" name="test_21_xendit_disburse_invalid_tahap" time="0.128" /><testcase classname="backend.tests.test_driver_checkpoint" name="test_22_xendit_disburse_trip_not_found" time="0.065" /><testcase classname="backend.tests.test_driver_checkpoint" name="test_23_initial_complete_no_crash_without_webhook" time="0.569" /><testcase classname="backend.tests.test_driver_checkpoint" name="test_24_handover_complete_sets_odoo_synced_idempotent" time="0.348" /><testcase classname="backend.tests.test_driver_checkpoint" name="test_25_cair_sets_odoo_synced_cair_n" time="0.922" /></testsuite></testsuites>